Build started 20.12.2013 13:56:29.
     1>Project "C:\danil\NIIT\internature\prj\1st_lesson\1st_lesson\1st_lesson.vcxproj" on node 2 (build target(s)).
     1>InitializeBuildStatus:
         Creating "Debug\1st_lesson.unsuccessfulbuild" because "AlwaysCreate" was specified.
       GenerateTargetFrameworkMonikerAttribute:
       Skipping target "GenerateTargetFrameworkMonikerAttribute" because all output files are up-to-date with respect to the input files.
       ClCompile:
         All outputs are up-to-date.
         c:\Program Files\Microsoft Visual Studio 10.0\VC\bin\CL.exe /c /AI"C:\Program Files\Reference Assemblies\Microsoft\Framework\.NETFramework\v4.0" /Zi /clr:pure /nologo /W3 /WX- /Od /Oy- /D WIN32 /D _DEBUG /D _UNICODE /D UNICODE /EHa /MDd /GS /fp:precise /Zc:wchar_t /Zc:forScope /Yu"StdAfx.h" /Fp"Debug\1st_lesson.pch" /Fo"Debug\\" /Fd"Debug\vc100.pdb" /TP /FU"c:\Program Files\Microsoft Visual Studio 10.0\ReportViewer\Microsoft.ReportViewer.Common.dll" /FU"c:\Program Files\Microsoft Visual Studio 10.0\ReportViewer\Microsoft.ReportViewer.WinForms.dll" /FU"C:\Program Files\Reference Assemblies\Microsoft\Framework\.NETFramework\v4.0\Microsoft.VisualBasic.dll" /FU"c:\Program Files\Reference Assemblies\Microsoft\VBPowerPacks\v10.0\Microsoft.VisualBasic.PowerPacks.Vs.dll" /FU"C:\Program Files\Reference Assemblies\Microsoft\Framework\.NETFramework\v4.0\System.Core.dll" /FU"C:\Program Files\Reference Assemblies\Microsoft\Framework\.NETFramework\v4.0\System.Data.dll" /FU"C:\Program Files\Reference Assemblies\Microsoft\Framework\.NETFramework\v4.0\System.dll" /FU"C:\Program Files\Reference Assemblies\Microsoft\Framework\.NETFramework\v4.0\System.Drawing.dll" /FU"C:\Program Files\Reference Assemblies\Microsoft\Framework\.NETFramework\v4.0\System.Web.Services.dll" /FU"C:\Program Files\Reference Assemblies\Microsoft\Framework\.NETFramework\v4.0\System.Windows.Forms.dll" /FU"C:\Program Files\Reference Assemblies\Microsoft\Framework\.NETFramework\v4.0\System.Xml.dll" /analyze- /errorReport:prompt domino.cpp /clr:nostdlib 
         domino.cpp
         All outputs are up-to-date.
       CoreResGen:
         All outputs are up-to-date.
       ResourceCompile:
         All outputs are up-to-date.
       Link:
         c:\Program Files\Microsoft Visual Studio 10.0\VC\bin\link.exe /ERRORREPORT:PROMPT /OUT:"C:\danil\NIIT\internature\prj\1st_lesson\Debug\1st_lesson.exe" /INCREMENTAL /NOLOGO /ASSEMBLYRESOURCE:Debug\My1st_lesson.Form1.resources /ASSEMBLYRESOURCE:"Debug\My1st_lesson.serv opt.resources" /MANIFEST /ManifestFile:"Debug\1st_lesson.exe.intermediate.manifest" /MANIFESTUAC:"level='asInvoker' uiAccess='false'" /DEBUG /PDB:"C:\danil\NIIT\internature\prj\1st_lesson\Debug\1st_lesson.pdb" /ASSEMBLYDEBUG /SUBSYSTEM:WINDOWS /TLBID:1 /ENTRY:"main" /DYNAMICBASE /FIXED:NO /NXCOMPAT /MACHINE:X86 Debug\app.res
         Debug\1st_lesson.obj
         Debug\AssemblyInfo.obj
         Debug\bone.obj
         Debug\domino.obj
         "Debug\serv opt.obj"
         Debug\stdafx.obj
         "Debug\.NETFramework,Version=v4.0.AssemblyAttributes.obj"
     1>domino.obj : warning LNK4248: unresolved typeref token (0100004D) for 'Gdiplus.GpCachedBitmap'; image may not run
     1>1st_lesson.obj : warning LNK4248: unresolved typeref token (0100004F) for 'Gdiplus.GpCachedBitmap'; image may not run
         1st_lesson.vcxproj -> C:\danil\NIIT\internature\prj\1st_lesson\Debug\1st_lesson.exe
       Manifest:
         c:\Program Files\Microsoft SDKs\Windows\v7.0A\bin\mt.exe /nologo /verbose /outputresource:"C:\danil\NIIT\internature\prj\1st_lesson\Debug\1st_lesson.exe;#1" /manifest Debug\1st_lesson.exe.intermediate.manifest
       FinalizeBuildStatus:
         Deleting file "Debug\1st_lesson.unsuccessfulbuild".
         Touching "Debug\1st_lesson.lastbuildstate".
     1>Done Building Project "C:\danil\NIIT\internature\prj\1st_lesson\1st_lesson\1st_lesson.vcxproj" (build target(s)).

Build succeeded.

Time Elapsed 00:00:09.73
